15:14:38: Creating resource group General
15:14:38: Creating resource group Internal
15:14:38: Creating resource group Autodetect
15:14:38: SceneManagerFactory for type 'DefaultSceneManager' registered.
15:14:38: Registering ResourceManager for type Material
15:14:38: Registering ResourceManager for type Mesh
15:14:38: Registering ResourceManager for type Skeleton
15:14:38: MovableObjectFactory for type 'ParticleSystem' registered.
15:14:38: OverlayElementFactory for type Panel registered.
15:14:38: OverlayElementFactory for type BorderPanel registered.
15:14:38: OverlayElementFactory for type TextArea registered.
15:14:38: Registering ResourceManager for type Font
15:14:38: ArchiveFactory for archive type FileSystem registered.
15:14:38: ArchiveFactory for archive type Zip registered.
15:14:38: DDS codec registering
15:14:38: FreeImage version: 3.10.0
15:14:38: This program uses FreeImage, a free, open source image library supporting all common bitmap formats. See http://freeimage.sourceforge.net for details
15:14:38: Supported formats: bmp,ico,jpg,jif,jpeg,jpe,jng,koa,iff,lbm,mng,pbm,pbm,pcd,pcx,pgm,pgm,png,ppm,ppm,ras,tga,targa,tif,tiff,wap,wbmp,wbm,psd,cut,xbm,xpm,gif,hdr,g3,sgi,exr,j2k,j2c,jp2
15:14:38: Registering ResourceManager for type HighLevelGpuProgram
15:14:38: Registering ResourceManager for type Compositor
15:14:38: MovableObjectFactory for type 'Entity' registered.
15:14:38: MovableObjectFactory for type 'Light' registered.
15:14:38: MovableObjectFactory for type 'BillboardSet' registered.
15:14:38: MovableObjectFactory for type 'ManualObject' registered.
15:14:38: MovableObjectFactory for type 'BillboardChain' registered.
15:14:38: MovableObjectFactory for type 'RibbonTrail' registered.
15:14:38: OGRE EXCEPTION(6:FileNotFoundException): 'plugins.cfg' file not found! in ConfigFile::load at /home/fric/Development/ogre_src/OgreMain/src/OgreConfigFile.cpp (line 83)
15:14:38: plugins.cfg not found, automatic plugin loading disabled.
15:14:38: *-*-* OGRE Initialising
15:14:38: *-*-* Version 1.7.1 (Cthugha)
15:14:38: OGRE EXCEPTION(6:FileNotFoundException): 'resources.cfg' file not found! in ConfigFile::load at /home/fric/Development/ogre_src/OgreMain/src/OgreConfigFile.cpp (line 83)
